2024-06-30 15:34:01,618 - INFO - Website opened: https://linkareer.com/cover-letter/search
2024-06-30 15:34:01,667 - INFO - Base Page Loaded
2024-06-30 15:34:05,700 - INFO - Scrolled down
2024-06-30 15:34:06,704 - INFO - Page Scrolled
2024-06-30 15:34:07,751 - INFO - Moving on to the next page
2024-06-30 15:34:10,863 - INFO - Moving on to the next cover letter example
2024-06-30 15:34:10,897 - INFO - 삼성에스원 cover letter data crawling is done
2024-06-30 15:34:10,897 - INFO - page: 1 data crawling is done
2024-06-30 15:35:42,956 - INFO - Website opened: https://linkareer.com/cover-letter/search
2024-06-30 15:35:43,005 - INFO - Base Page Loaded
2024-06-30 15:35:47,032 - INFO - Scrolled down
2024-06-30 15:35:48,038 - INFO - Page Scrolled
2024-06-30 15:35:49,088 - INFO - Moving on to the next page
2024-06-30 15:35:52,200 - INFO - Moving on to the next cover letter example
2024-06-30 15:35:52,238 - INFO - 삼성에스원 cover letter data crawling is done
2024-06-30 15:35:52,239 - INFO - page: 1 data crawling is done
2024-06-30 15:36:30,315 - INFO - Website opened: https://linkareer.com/cover-letter/search
2024-06-30 15:36:30,363 - INFO - Base Page Loaded
2024-06-30 15:36:34,383 - INFO - Scrolled down
2024-06-30 15:36:35,385 - INFO - Page Scrolled
2024-06-30 15:36:36,428 - INFO - Moving on to the next page
2024-06-30 15:36:39,531 - INFO - Moving on to the next cover letter example
2024-06-30 15:36:39,567 - INFO - 삼성에스원 cover letter data crawling is done
2024-06-30 15:36:39,567 - INFO - page: 1 data crawling is done
2024-06-30 15:36:39,573 - INFO - Data saved as CSV format
2024-06-30 15:36:39,729 - INFO - Browser closed
2024-06-30 15:38:16,557 - INFO - Website opened: https://linkareer.com/cover-letter/search
2024-06-30 15:38:16,601 - INFO - Base Page Loaded
2024-06-30 15:38:20,626 - INFO - Scrolled down
2024-06-30 15:38:21,631 - INFO - Page Scrolled
2024-06-30 15:38:22,678 - INFO - Moving on to the next page
2024-06-30 15:38:25,783 - INFO - Moving on to the next cover letter example
2024-06-30 15:38:25,821 - INFO - 삼성에스원 cover letter data crawling is done
2024-06-30 15:38:25,821 - INFO - page: 1 data crawling is done
2024-06-30 15:38:25,827 - INFO - Data saved as CSV format
2024-06-30 15:38:25,969 - INFO - Browser closed
2024-06-30 15:38:51,286 - INFO - Load pretrained SentenceTransformer: distiluse-base-multilingual-cased-v1
