2024-05-26 23:01:24,944 - INFO - Website opened: https://linkareer.com/cover-letter/search
2024-05-26 23:01:25,384 - INFO - Base Page Loaded
2024-05-26 23:01:29,670 - INFO - Scrolled down
2024-05-26 23:01:30,670 - INFO - Page Scrolled
2024-05-26 23:01:31,771 - INFO - Moving on to the next page
2024-05-26 23:01:34,942 - INFO - Moving on to the next cover letter example
2024-05-26 23:01:35,018 - INFO - 삼성에스원 cover letter data crawling is done
2024-05-26 23:01:37,093 - INFO - Moving on to the next cover letter example
2024-05-26 23:01:37,138 - INFO - 성동구도시관리공단 cover letter data crawling is done
2024-05-26 23:01:39,189 - INFO - Moving on to the next cover letter example
2024-05-26 23:01:39,321 - INFO - 빙그레 cover letter data crawling is done
2024-05-26 23:01:41,389 - INFO - Moving on to the next cover letter example
2024-05-26 23:01:41,449 - INFO - 스타리온 기원 cover letter data crawling is done
2024-05-26 23:01:43,558 - INFO - Moving on to the next cover letter example
2024-05-26 23:01:43,610 - INFO - ak plaza cover letter data crawling is done
2024-05-26 23:01:45,691 - INFO - Moving on to the next cover letter example
2024-05-26 23:01:45,741 - INFO - 한국유나이티드제약 cover letter data crawling is done
2024-05-26 23:01:47,799 - INFO - Moving on to the next cover letter example
2024-05-26 23:01:47,851 - INFO - 춘천와이신협 cover letter data crawling is done
2024-05-26 23:01:49,913 - INFO - Moving on to the next cover letter example
2024-05-26 23:01:49,969 - INFO - 삼성디스플레이 cover letter data crawling is done
2024-05-26 23:01:52,040 - INFO - Moving on to the next cover letter example
2024-05-26 23:01:52,103 - INFO - 아프리카TV cover letter data crawling is done
2024-05-26 23:01:54,158 - INFO - Moving on to the next cover letter example
2024-05-26 23:01:54,204 - INFO - 인크로스 cover letter data crawling is done
2024-05-26 23:01:56,255 - INFO - Moving on to the next cover letter example
2024-05-26 23:01:56,297 - INFO - 강북삼성병원 cover letter data crawling is done
2024-05-26 23:01:58,354 - INFO - Moving on to the next cover letter example
2024-05-26 23:01:58,401 - INFO - 한유 SK ETS cover letter data crawling is done
2024-05-26 23:02:00,467 - INFO - Moving on to the next cover letter example
2024-05-26 23:02:00,521 - INFO - 한국후지필름 cover letter data crawling is done
2024-05-26 23:02:02,580 - INFO - Moving on to the next cover letter example
2024-05-26 23:02:02,625 - INFO - JW그룹 cover letter data crawling is done
2024-05-26 23:02:04,692 - INFO - Moving on to the next cover letter example
2024-05-26 23:02:04,737 - INFO - 로지스올 cover letter data crawling is done
2024-05-26 23:02:06,799 - INFO - Moving on to the next cover letter example
2024-05-26 23:02:06,849 - INFO - 한국교육과정평가원 cover letter data crawling is done
2024-05-26 23:02:08,906 - INFO - Moving on to the next cover letter example
2024-05-26 23:02:08,954 - INFO - 대한전선 cover letter data crawling is done
2024-05-26 23:02:11,020 - INFO - Moving on to the next cover letter example
2024-05-26 23:02:11,068 - INFO - HMM cover letter data crawling is done
2024-05-26 23:02:13,123 - INFO - Moving on to the next cover letter example
2024-05-26 23:02:13,167 - INFO - 한국주택금융공사 cover letter data crawling is done
2024-05-26 23:02:15,226 - INFO - Moving on to the next cover letter example
2024-05-26 23:02:15,278 - INFO - 신용보증기금 cover letter data crawling is done
2024-05-26 23:02:15,278 - INFO - page: 1 data crawling is done
2024-05-26 23:02:15,324 - INFO - Data saved as CSV format
2024-05-26 23:02:15,536 - INFO - Browser closed
2024-05-26 23:02:21,843 - INFO - Load pretrained SentenceTransformer: distiluse-base-multilingual-cased-v1
2024-05-26 23:02:40,602 - INFO - Loading faiss with AVX2 support.
2024-05-26 23:02:40,698 - INFO - Successfully loaded faiss with AVX2 support.
